<?xml version="1.0" encoding="UTF-8"?>
<!-- Generated by org.testng.reporters.JUnitReportReporter -->
<testsuite hostname="DESKTOP-SORBGDG" failures="0" tests="1" name="SumValidation" time="1.673" errors="0" timestamp="07 Jan 2024 07:41:27 GMT" skipped="0">
  <testcase classname="SumValidation" name="sumofCourses" time="1.673"/>
</testsuite> <!-- SumValidation -->
