<?xml version="1.0" encoding="UTF-8"?>
<!-- Generated by org.testng.reporters.JUnitReportReporter -->
<testsuite hostname="DESKTOP-SORBGDG" failures="0" tests="4" name="DynamicJson" time="4.144" errors="0" timestamp="07 Jan 2024 12:54:46 GMT" skipped="0">
  <testcase classname="DynamicJson" name="addBook" time="0.251"/>
  <testcase classname="DynamicJson" name="addBook" time="0.239"/>
  <testcase classname="DynamicJson" name="addBook" time="3.360"/>
  <testcase classname="DynamicJson" name="addBook" time="0.294"/>
</testsuite> <!-- DynamicJson -->
