<?xml version="1.0" encoding="UTF-8"?>
<!-- Generated by org.testng.reporters.JUnitReportReporter -->
<testsuite hostname="DESKTOP-SORBGDG" failures="0" tests="1" name="Files.dynamicJson" time="4.275" errors="0" timestamp="07 Jan 2024 11:24:36 GMT" skipped="0">
  <testcase classname="Files.dynamicJson" name="addbook" time="4.275"/>
</testsuite> <!-- Files.dynamicJson -->
